# JRE version: Java(TM) SE Runtime Environment (17.0.10+11) (build 17.0.10+11-LTS-240)
# Java VM: Java HotSpot(TM) 64-Bit Server VM (17.0.10+11-LTS-240, mixed mode, sharing, tiered, compressed oops, compressed class ptrs, g1 gc, windows-amd64)
GC Precious Log:
 CPUs: 8 total, 8 available
 Memory: 7926M
 Large Page Support: Disabled
 NUMA Support: Disabled
 Compressed Oops: Enabled (32-bit)
 Heap Region Size: 1M
 Heap Min Capacity: 8M
 Heap Initial Capacity: 124M
 Heap Max Capacity: 1982M
 Pre-touch: Disabled
 Parallel Workers: 8
 Concurrent Workers: 2
 Concurrent Refinement Workers: 8
 Periodic GC: Disabled
Heap:
 garbage-first heap   total 58368K, used 35078K [0x0000000084200000, 0x0000000100000000)
  region size 1024K, 7 young (7168K), 2 survivors (2048K)
 Metaspace       used 62125K, committed 62464K, reserved 1114112K
  class space    used 8369K, committed 8512K, reserved 1048576K
GC Heap History (20 events):
Event: 9.138 GC heap before
{Heap before GC invocations=11 (full 0):
 garbage-first heap   total 48128K, used 35601K [0x0000000084200000, 0x0000000100000000)
  region size 1024K, 17 young (17408K), 1 survivors (1024K)
 Metaspace       used 44277K, committed 44544K, reserved 1114112K
  class space    used 6016K, committed 6144K, reserved 1048576K
}
Event: 9.140 GC heap after
{Heap after GC invocations=12 (full 0):
 garbage-first heap   total 48128K, used 20832K [0x0000000084200000, 0x0000000100000000)
  region size 1024K, 1 young (1024K), 1 survivors (1024K)
 Metaspace       used 44277K, committed 44544K, reserved 1114112K
  class space    used 6016K, committed 6144K, reserved 1048576K
}
Event: 9.538 GC heap before
{Heap before GC invocations=12 (full 0):
 garbage-first heap   total 48128K, used 38240K [0x0000000084200000, 0x0000000100000000)
  region size 1024K, 18 young (18432K), 1 survivors (1024K)
 Metaspace       used 46925K, committed 47296K, reserved 1114112K
  class space    used 6372K, committed 6528K, reserved 1048576K
}
Event: 9.541 GC heap after
{Heap after GC invocations=13 (full 0):
 garbage-first heap   total 48128K, used 22060K [0x0000000084200000, 0x0000000100000000)
  region size 1024K, 2 young (2048K), 2 survivors (2048K)
 Metaspace       used 46925K, committed 47296K, reserved 1114112K
  class space    used 6372K, committed 6528K, reserved 1048576K
}
Event: 10.041 GC heap before
{Heap before GC invocations=13 (full 0):
 garbage-first heap   total 48128K, used 37420K [0x0000000084200000, 0x0000000100000000)
  region size 1024K, 18 young (18432K), 2 survivors (2048K)
 Metaspace       used 49671K, committed 49984K, reserved 1114112K
  class space    used 6768K, committed 6912K, reserved 1048576K
}
Event: 10.045 GC heap after
{Heap after GC invocations=14 (full 0):
 garbage-first heap   total 48128K, used 23055K [0x0000000084200000, 0x0000000100000000)
  region size 1024K, 3 young (3072K), 3 survivors (3072K)
 Metaspace       used 49671K, committed 49984K, reserved 1114112K
  class space    used 6768K, committed 6912K, reserved 1048576K
}
Event: 10.213 GC heap before
{Heap before GC invocations=14 (full 0):
 garbage-first heap   total 48128K, used 38415K [0x0000000084200000, 0x0000000100000000)
  region size 1024K, 18 young (18432K), 3 survivors (3072K)
 Metaspace       used 49873K, committed 50176K, reserved 1114112K
  class space    used 6782K, committed 6912K, reserved 1048576K
}
Event: 10.216 GC heap after
{Heap after GC invocations=15 (full 0):
 garbage-first heap   total 48128K, used 23763K [0x0000000084200000, 0x0000000100000000)
  region size 1024K, 2 young (2048K), 2 survivors (2048K)
 Metaspace       used 49873K, committed 50176K, reserved 1114112K
  class space    used 6782K, committed 6912K, reserved 1048576K
}
Event: 10.682 GC heap before
{Heap before GC invocations=15 (full 0):
 garbage-first heap   total 48128K, used 39123K [0x0000000084200000, 0x0000000100000000)
  region size 1024K, 17 young (17408K), 2 survivors (2048K)
 Metaspace       used 51730K, committed 52096K, reserved 1114112K
  class space    used 7064K, committed 7232K, reserved 1048576K
}
Event: 10.686 GC heap after
{Heap after GC invocations=16 (full 0):
 garbage-first heap   total 48128K, used 24911K [0x0000000084200000, 0x0000000100000000)
  region size 1024K, 2 young (2048K), 2 survivors (2048K)
 Metaspace       used 51730K, committed 52096K, reserved 1114112K
  class space    used 7064K, committed 7232K, reserved 1048576K
}
Event: 11.159 GC heap before
{Heap before GC invocations=17 (full 0):
 garbage-first heap   total 48128K, used 39247K [0x0000000084200000, 0x0000000100000000)
  region size 1024K, 16 young (16384K), 2 survivors (2048K)
 Metaspace       used 53458K, committed 53824K, reserved 1114112K
  class space    used 7324K, committed 7488K, reserved 1048576K
}
Event: 11.164 GC heap after
{Heap after GC invocations=18 (full 0):
 garbage-first heap   total 48128K, used 26290K [0x0000000084200000, 0x0000000100000000)
  region size 1024K, 2 young (2048K), 2 survivors (2048K)
 Metaspace       used 53458K, committed 53824K, reserved 1114112K
  class space    used 7324K, committed 7488K, reserved 1048576K
}
Event: 11.489 GC heap before
{Heap before GC invocations=18 (full 0):
 garbage-first heap   total 48128K, used 38578K [0x0000000084200000, 0x0000000100000000)
  region size 1024K, 14 young (14336K), 2 survivors (2048K)
 Metaspace       used 54268K, committed 54592K, reserved 1114112K
  class space    used 7427K, committed 7616K, reserved 1048576K
}
Event: 11.494 GC heap after
{Heap after GC invocations=19 (full 0):
 garbage-first heap   total 58368K, used 27487K [0x0000000084200000, 0x0000000100000000)
  region size 1024K, 2 young (2048K), 2 survivors (2048K)
 Metaspace       used 54268K, committed 54592K, reserved 1114112K
  class space    used 7427K, committed 7616K, reserved 1048576K
}
Event: 26.480 GC heap before
{Heap before GC invocations=20 (full 0):
 garbage-first heap   total 58368K, used 45919K [0x0000000084200000, 0x0000000100000000)
  region size 1024K, 20 young (20480K), 2 survivors (2048K)
 Metaspace       used 58238K, committed 58560K, reserved 1114112K
  class space    used 7921K, committed 8064K, reserved 1048576K
}
Event: 26.484 GC heap after
{Heap after GC invocations=21 (full 0):
 garbage-first heap   total 58368K, used 29739K [0x0000000084200000, 0x0000000100000000)
  region size 1024K, 3 young (3072K), 3 survivors (3072K)
 Metaspace       used 58238K, committed 58560K, reserved 1114112K
  class space    used 7921K, committed 8064K, reserved 1048576K
}
Event: 55.055 GC heap before
{Heap before GC invocations=21 (full 0):
 garbage-first heap   total 58368K, used 45099K [0x0000000084200000, 0x0000000100000000)
  region size 1024K, 19 young (19456K), 3 survivors (3072K)
 Metaspace       used 61509K, committed 61824K, reserved 1114112K
  class space    used 8317K, committed 8448K, reserved 1048576K
}
Event: 55.078 GC heap after
{Heap after GC invocations=22 (full 0):
 garbage-first heap   total 58368K, used 30698K [0x0000000084200000, 0x0000000100000000)
  region size 1024K, 1 young (1024K), 1 survivors (1024K)
 Metaspace       used 61509K, committed 61824K, reserved 1114112K
  class space    used 8317K, committed 8448K, reserved 1048576K
}
Event: 139.922 GC heap before
{Heap before GC invocations=23 (full 0):
 garbage-first heap   total 58368K, used 46058K [0x0000000084200000, 0x0000000100000000)
  region size 1024K, 16 young (16384K), 1 survivors (1024K)
 Metaspace       used 62119K, committed 62464K, reserved 1114112K
  class space    used 8369K, committed 8512K, reserved 1048576K
}
Event: 140.088 GC heap after
{Heap after GC invocations=24 (full 0):
 garbage-first heap   total 58368K, used 30982K [0x0000000084200000, 0x0000000100000000)
  region size 1024K, 2 young (2048K), 2 survivors (2048K)
 Metaspace       used 62119K, committed 62464K, reserved 1114112K
  class space    used 8369K, committed 8512K, reserved 1048576K
}

